<?xml version="1.0" encoding="UTF-8"?>
<!-- Generated by org.testng.reporters.JUnitReportReporter -->
<testsuite hostname="din83000439" failures="0" tests="1" name="DDTestUsingJsonData" time="5.878" errors="0" timestamp="2022-12-26T23:51:08 IST" skipped="0">
  <testcase classname="DDTestUsingJsonData" name="loginTest" time="5.878"/>
  <system-out/>
</testsuite> <!-- DDTestUsingJsonData -->
